[2025-03-19 20:36:49,518] ERROR in app: Erro gerando immagine: [Errno 32] Broken pipe
[2025-03-19 20:37:10,829] INFO in app: Carregando modelo Stable Diffusion (v1-5) para geração de imagens...
[2025-03-19 20:37:12,478] INFO in app: Modelo carregado com sucesso! Usando device=cpu.
[2025-03-19 20:37:12,495] DEBUG in app: [DEBUG] __main__ -> Chamando start_scheduler() para APScheduler.
[2025-03-19 20:37:12,495] DEBUG in app: start_scheduler() chamado. Carregando pianificazione...
[2025-03-19 20:37:12,495] DEBUG in app: Programando reindex com day_of_week=mon,tue,wed,thu,fri,sat,sun, hour=22, minute=21
[2025-03-19 20:37:12,504] DEBUG in app: APScheduler iniciado. Jobs atuais: [<Job (id=reindex_agendado name=job_reindicizza_programmata)>]
[2025-03-19 20:37:12,504] DEBUG in app: [DEBUG] Subindo waitress server na porta 5000...
[2025-03-19 20:37:33,375] INFO in app: Carregando modelo Stable Diffusion (v1-5) para geração de imagens...
[2025-03-19 20:37:34,685] INFO in app: Modelo carregado com sucesso! Usando device=cpu.
[2025-03-19 20:37:34,694] DEBUG in app: [DEBUG] __main__ -> Chamando start_scheduler() para APScheduler.
[2025-03-19 20:37:34,694] DEBUG in app: start_scheduler() chamado. Carregando pianificazione...
[2025-03-19 20:37:34,695] DEBUG in app: Programando reindex com day_of_week=mon,tue,wed,thu,fri,sat,sun, hour=22, minute=21
[2025-03-19 20:37:34,699] DEBUG in app: APScheduler iniciado. Jobs atuais: [<Job (id=reindex_agendado name=job_reindicizza_programmata)>]
[2025-03-19 20:37:34,699] DEBUG in app: [DEBUG] Subindo waitress server na porta 5000...
[2025-03-19 20:38:49,525] INFO in app: Carregando modelo Stable Diffusion (v1-5) para geração de imagens...
[2025-03-19 20:38:57,456] INFO in app: Modelo carregado com sucesso! Usando device=cpu.
[2025-03-19 20:38:57,485] DEBUG in app: [DEBUG] __main__ -> Chamando start_scheduler() para APScheduler.
[2025-03-19 20:38:57,485] DEBUG in app: start_scheduler() chamado. Carregando pianificazione...
[2025-03-19 20:38:57,485] DEBUG in app: Programando reindex com day_of_week=mon,tue,wed,thu,fri,sat,sun, hour=22, minute=21
[2025-03-19 20:38:57,498] DEBUG in app: APScheduler iniciado. Jobs atuais: [<Job (id=reindex_agendado name=job_reindicizza_programmata)>]
[2025-03-19 20:38:57,498] DEBUG in app: [DEBUG] Subindo waitress server na porta 5000...
[2025-03-19 22:21:00,001] DEBUG in app: job_reindicizza_programmata() disparado pelo APScheduler!
[2025-03-19 22:21:00,001] DEBUG in app: Iniciando indicizza_immagini (reindex programada), dirs= [{'path': '/home/marco-alecsander/Scrivania/STUDIO ELLE RGB (JPG)', 'nome': 'STUDIO ELLE RGB'}, {'path': '/home/marco-alecsander/Scrivania/', 'nome': 'DESKTOP'}]
[2025-03-19 22:27:06,309] DEBUG in app: Iniciando busca (TEXTO): '', categoria='GEOMETRICS'
[2025-03-19 22:27:06,931] DEBUG in app: Busca retornou 100 imagens, total: 23546
[2025-03-19 22:27:31,944] DEBUG in app: Iniciando busca (TEXTO): 'botanical', categoria=''
[2025-03-19 22:27:32,212] DEBUG in app: Busca retornou 100 imagens, total: 23546
